2016-04-15 23:16:10 +0200 INFO: jruby 1.7.22 (1.9.3p551) 2015-08-20 c28f492 on Java HotSpot(TM) Client VM 1.8.0_60-b27 +jit [Windows 10-x86]
2016-04-15 23:16:10 +0200 INFO: using 1:5 runtime pool with acquire timeout of 5.0 seconds
2016-04-15 23:16:11 +0200 INFO: An exception happened during JRuby-Rack startup
no such file to load -- D:/GitHub/Ruby_Web/Moods/config/environment.rb
--- System
jruby 1.7.22 (1.9.3p551) 2015-08-20 c28f492 on Java HotSpot(TM) Client VM 1.8.0_60-b27 +jit [Windows 10-x86]
Time: 2016-04-15 23:16:11 +0200
Server: Apache Tomcat/7.0.57
jruby.home: C:\Ruby\jruby-1.7.22

--- Context Init Parameters:
jruby.compat.version = 1.9.3
jruby.initial.runtimes = 1
jruby.max.runtimes = 5
jruby.min.runtimes = 1
jruby.rack.error = false
jruby.rack.layout_class = JRuby::Rack::FileSystemLayout
jruby.rack.logging = JUL
jruby.rack.logging.name = org.apache.catalina.core.ContainerBase.[Tomcat].[localhost].[default]
jruby.runtime.acquire.timeout = 5.0
public.root = public
rails.env = development
rails.root = D:/GitHub/Ruby_Web/Moods

--- Backtrace
LoadError: no such file to load -- D:/GitHub/Ruby_Web/Moods/config/environment.rb
              load at org/jruby/RubyKernel.java:1059
  load_environment at file:/C:/Ruby/jruby-1.7.22/lib/ruby/gems/shared/gems/jruby-rack-1.1.20/lib/jruby-rack-1.1.20.jar!/jruby/rack/rails/environment2.rb:25
  load_environment at file:/C:/Ruby/jruby-1.7.22/lib/ruby/gems/shared/gems/jruby-rack-1.1.20/lib/jruby-rack-1.1.20.jar!/jruby/rack/rails_booter.rb:83
            (root) at <script>:1

--- RubyGems
Gem.dir: C:/Ruby/jruby-1.7.22/lib/ruby/gems/shared
Gem.path:
C:/Users/Marvin/.gem/jruby/1.9
C:/Ruby/jruby-1.7.22/lib/ruby/gems/shared
Activated gems:

--- Bundler
undefined method `bundle_path' for Bundler:Module

--- JRuby-Rack Config
compat_version = RUBY1_9
default_logger = org.jruby.rack.logging.StandardOutLogger@518f16
equals = <error: >
err = java.io.PrintStream@1a8c74e
filter_adds_html = true
filter_verifies_resource = false
ignore_environment = false
initial_memory_buffer_size = 
initial_runtimes = 1
jms_connection_factory = 
jms_jndi_properties = 
logger = org.jruby.rack.logging.JulLogger@3c8d18
logger_class_name = JUL
logger_name = org.apache.catalina.core.ContainerBase.[Tomcat].[localhost].[default]
maximum_memory_buffer_size = 
maximum_runtimes = 5
num_initializer_threads = 
out = java.io.PrintStream@1579e0f
rackup = 
rackup_path = 
rewindable = true
runtime_arguments = 
runtime_environment = 
runtime_timeout_seconds = 
serial_initialization = false
servlet_context = org.apache.catalina.core.ApplicationContextFacade@7773e1
throw_init_exception = true

--- $LOAD_PATH:
C:/Ruby/jruby-1.7.22/lib/ruby/1.9/site_ruby
C:/Ruby/jruby-1.7.22/lib/ruby/shared
C:/Ruby/jruby-1.7.22/lib/ruby/1.9

2016-04-15 23:16:11 +0200 SEVERE: unable to initialize application
org.jruby.exceptions.RaiseException: (LoadError) no such file to load -- D:/GitHub/Ruby_Web/Moods/config/environment.rb
	at org.jruby.RubyKernel.load(org/jruby/RubyKernel.java:1059)
	at RUBY.load_environment(file:/C:/Ruby/jruby-1.7.22/lib/ruby/gems/shared/gems/jruby-rack-1.1.20/lib/jruby-rack-1.1.20.jar!/jruby/rack/rails/environment2.rb:25)
	at RUBY.load_environment(file:/C:/Ruby/jruby-1.7.22/lib/ruby/gems/shared/gems/jruby-rack-1.1.20/lib/jruby-rack-1.1.20.jar!/jruby/rack/rails_booter.rb:83)
	at RUBY.(root)(<script>:1)

2016-04-15 23:16:11 +0200 INFO: added application to pool, size now = 1
2016-04-15 23:16:11 +0200 SEVERE: Exception sending context initialized event to listener instance of class org.jruby.rack.rails.RailsServletContextListener
org.jruby.rack.RackInitializationException: no such file to load -- D:/GitHub/Ruby_Web/Moods/config/environment.rb
	from org/jruby/RubyKernel.java:1059:in `load'
	from file:/C:/Ruby/jruby-1.7.22/lib/ruby/gems/shared/gems/jruby-rack-1.1.20/lib/jruby-rack-1.1.20.jar!/jruby/rack/rails/environment2.rb:25:in `load_environment'
	from file:/C:/Ruby/jruby-1.7.22/lib/ruby/gems/shared/gems/jruby-rack-1.1.20/lib/jruby-rack-1.1.20.jar!/jruby/rack/rails_booter.rb:83:in `load_environment'
	from <script>:1:in `(root)'

	at org.jruby.rack.RackInitializationException.wrap(RackInitializationException.java:29)
	at org.jruby.rack.RackApplicationFactoryDecorator.init(RackApplicationFactoryDecorator.java:104)
	at org.jruby.rack.RackServletContextListener.contextInitialized(RackServletContextListener.java:50)
	at org.apache.catalina.core.StandardContext.listenerStart(StandardContext.java:4994)
	at org.apache.catalina.core.StandardContext.startInternal(StandardContext.java:5492)
	at org.apache.catalina.util.LifecycleBase.start(LifecycleBase.java:150)
	at org.apache.catalina.core.ContainerBase$StartChild.call(ContainerBase.java:1575)
	at org.apache.catalina.core.ContainerBase$StartChild.call(ContainerBase.java:1565)
	at java.util.concurrent.FutureTask.run(FutureTask.java:266)
	at java.util.concurrent.ThreadPoolExecutor.runWorker(ThreadPoolExecutor.java:1142)
	at java.util.concurrent.ThreadPoolExecutor$Worker.run(ThreadPoolExecutor.java:617)
	at java.lang.Thread.run(Thread.java:745)
Caused by: org.jruby.exceptions.RaiseException: (LoadError) no such file to load -- D:/GitHub/Ruby_Web/Moods/config/environment.rb
	at org.jruby.RubyKernel.load(org/jruby/RubyKernel.java:1059)
	at RUBY.load_environment(file:/C:/Ruby/jruby-1.7.22/lib/ruby/gems/shared/gems/jruby-rack-1.1.20/lib/jruby-rack-1.1.20.jar!/jruby/rack/rails/environment2.rb:25)
	at RUBY.load_environment(file:/C:/Ruby/jruby-1.7.22/lib/ruby/gems/shared/gems/jruby-rack-1.1.20/lib/jruby-rack-1.1.20.jar!/jruby/rack/rails_booter.rb:83)
	at RUBY.(root)(<script>:1)

